<?xml version="1.0" encoding="UTF-8"?>
<testng-results ignored="0" total="1" passed="1" failed="0" skipped="0">
  <reporter-output>
  </reporter-output>
  <suite started-at="2023-10-13T02:19:19 IST" name="Default suite" finished-at="2023-10-13T02:19:41 IST" duration-ms="22263">
    <groups>
    </groups>
    <test started-at="2023-10-13T02:19:19 IST" name="Default test" finished-at="2023-10-13T02:19:41 IST" duration-ms="22263">
      <class name="HomePage_Module.ActitimeHomePageTest">
        <test-method is-config="true" signature="beforeSuite()[pri:0, instance:HomePage_Module.ActitimeHomePageTest@1aafa419]" started-at="2023-10-13T02:19:19 IST" name="beforeSuite" finished-at="2023-10-13T02:19:19 IST" duration-ms="34" status="PASS">
          <reporter-output>
          </reporter-output>
        </test-method> <!-- beforeSuite -->
        <test-method is-config="true" signature="beforeTest()[pri:0, instance:HomePage_Module.ActitimeHomePageTest@1aafa419]" started-at="2023-10-13T02:19:19 IST" name="beforeTest" finished-at="2023-10-13T02:19:19 IST" duration-ms="1" status="PASS">
          <reporter-output>
          </reporter-output>
        </test-method> <!-- beforeTest -->
        <test-method is-config="true" signature="beforeClass()[pri:0, instance:HomePage_Module.ActitimeHomePageTest@1aafa419]" started-at="2023-10-13T02:19:19 IST" name="beforeClass" finished-at="2023-10-13T02:19:34 IST" duration-ms="14566" status="PASS">
          <reporter-output>
          </reporter-output>
        </test-method> <!-- beforeClass -->
        <test-method is-config="true" signature="beforeMethod()[pri:0, instance:HomePage_Module.ActitimeHomePageTest@1aafa419]" started-at="2023-10-13T02:19:34 IST" name="beforeMethod" finished-at="2023-10-13T02:19:35 IST" duration-ms="1011" status="PASS">
          <reporter-output>
          </reporter-output>
        </test-method> <!-- beforeMethod -->
        <test-method signature="demoTest()[pri:0, instance:HomePage_Module.ActitimeHomePageTest@1aafa419]" started-at="2023-10-13T02:19:35 IST" name="demoTest" finished-at="2023-10-13T02:19:39 IST" duration-ms="4447" status="PASS">
          <reporter-output>
          </reporter-output>
        </test-method> <!-- demoTest -->
        <test-method is-config="true" signature="afterMethod()[pri:0, instance:HomePage_Module.ActitimeHomePageTest@1aafa419]" started-at="2023-10-13T02:19:39 IST" name="afterMethod" finished-at="2023-10-13T02:19:41 IST" duration-ms="1703" status="PASS">
          <reporter-output>
          </reporter-output>
        </test-method> <!-- afterMethod -->
        <test-method is-config="true" signature="afterClass()[pri:0, instance:HomePage_Module.ActitimeHomePageTest@1aafa419]" started-at="2023-10-13T02:19:41 IST" name="afterClass" finished-at="2023-10-13T02:19:41 IST" duration-ms="400" status="PASS">
          <reporter-output>
          </reporter-output>
        </test-method> <!-- afterClass -->
        <test-method is-config="true" signature="afterTest()[pri:0, instance:HomePage_Module.ActitimeHomePageTest@1aafa419]" started-at="2023-10-13T02:19:41 IST" name="afterTest" finished-at="2023-10-13T02:19:41 IST" duration-ms="1" status="PASS">
          <reporter-output>
          </reporter-output>
        </test-method> <!-- afterTest -->
        <test-method is-config="true" signature="afterSuite()[pri:0, instance:HomePage_Module.ActitimeHomePageTest@1aafa419]" started-at="2023-10-13T02:19:41 IST" name="afterSuite" finished-at="2023-10-13T02:19:41 IST" duration-ms="1" status="PASS">
          <reporter-output>
          </reporter-output>
        </test-method> <!-- afterSuite -->
      </class> <!-- HomePage_Module.ActitimeHomePageTest -->
    </test> <!-- Default test -->
  </suite> <!-- Default suite -->
</testng-results>
